<flat-test>
  <assert>[ [ "true()", false, "should fail" ] ]</assert>
</flat-test>
